2019-05-31 09:30:27,662 INFO o.a.j.u.JMeterUtils: Setting Locale to zh_CN
2019-05-31 09:30:28,400 INFO o.a.j.JMeter: Loading user properties from: user.properties
2019-05-31 09:30:28,401 INFO o.a.j.JMeter: Loading system properties from: system.properties
2019-05-31 09:30:28,401 INFO o.a.j.JMeter: Setting JMeter property: jmeter.save.saveservice.output_format=xml
2019-05-31 09:30:28,418 INFO o.a.j.JMeter: Copyright (c) 1998-2019 The Apache Software Foundation
2019-05-31 09:30:28,418 INFO o.a.j.JMeter: Version 5.1 r1853635
2019-05-31 09:30:28,418 INFO o.a.j.JMeter: java.version=1.8.0_191
2019-05-31 09:30:28,418 INFO o.a.j.JMeter: java.vm.name=Java HotSpot(TM) 64-Bit Server VM
2019-05-31 09:30:28,418 INFO o.a.j.JMeter: os.name=Windows 7
2019-05-31 09:30:28,419 INFO o.a.j.JMeter: os.arch=amd64
2019-05-31 09:30:28,419 INFO o.a.j.JMeter: os.version=6.1
2019-05-31 09:30:28,419 INFO o.a.j.JMeter: file.encoding=GBK
2019-05-31 09:30:28,419 INFO o.a.j.JMeter: java.awt.headless=true
2019-05-31 09:30:28,419 INFO o.a.j.JMeter: Max memory     =1655701504
2019-05-31 09:30:28,419 INFO o.a.j.JMeter: Available Processors =4
2019-05-31 09:30:28,450 INFO o.a.j.JMeter: Default Locale=中文 (中国)
2019-05-31 09:30:28,451 INFO o.a.j.JMeter: JMeter  Locale=中文 (中国)
2019-05-31 09:30:28,451 INFO o.a.j.JMeter: JMeterHome=D:\autoTest\apache-jmeter-5.1
2019-05-31 09:30:28,451 INFO o.a.j.JMeter: user.dir  =D:\autoTest\apache-jmeter-5.1\bin
2019-05-31 09:30:28,451 INFO o.a.j.JMeter: PWD       =D:\autoTest\apache-jmeter-5.1\bin
2019-05-31 09:30:28,452 INFO o.a.j.JMeter: IP: 10.108.3.14 Name: SHQ-DL012-1 FullName: SHQ-DL012-1.AladingBank.com
2019-05-31 09:30:28,456 INFO o.a.j.s.FileServer: Default base='D:\autoTest\apache-jmeter-5.1\bin'
2019-05-31 09:30:28,528 INFO o.a.j.s.FileServer: Set new base='D:\autoTest\apache-jmeter-5.1\script'
2019-05-31 09:30:28,875 INFO o.a.j.s.SaveService: Testplan (JMX) version: 2.2. Testlog (JTL) version: 2.2
2019-05-31 09:30:28,957 INFO o.a.j.s.SaveService: Using SaveService properties file encoding UTF-8
2019-05-31 09:30:28,963 INFO o.a.j.s.SaveService: Using SaveService properties version 5.0
2019-05-31 09:30:28,970 INFO o.a.j.s.SaveService: Loading file: D:\autoTest\apache-jmeter-5.1\script\TestInterBao.jmx
2019-05-31 09:30:29,100 INFO o.a.j.p.h.s.HTTPSamplerBase: Parser for text/html is org.apache.jmeter.protocol.http.parser.LagartoBasedHtmlParser
2019-05-31 09:30:29,100 INFO o.a.j.p.h.s.HTTPSamplerBase: Parser for application/xhtml+xml is org.apache.jmeter.protocol.http.parser.LagartoBasedHtmlParser
2019-05-31 09:30:29,100 INFO o.a.j.p.h.s.HTTPSamplerBase: Parser for application/xml is org.apache.jmeter.protocol.http.parser.LagartoBasedHtmlParser
2019-05-31 09:30:29,100 INFO o.a.j.p.h.s.HTTPSamplerBase: Parser for text/xml is org.apache.jmeter.protocol.http.parser.LagartoBasedHtmlParser
2019-05-31 09:30:29,100 INFO o.a.j.p.h.s.HTTPSamplerBase: Parser for text/vnd.wap.wml is org.apache.jmeter.protocol.http.parser.RegexpHTMLParser
2019-05-31 09:30:29,100 INFO o.a.j.p.h.s.HTTPSamplerBase: Parser for text/css is org.apache.jmeter.protocol.http.parser.CssParser
2019-05-31 09:30:29,392 INFO o.a.j.JMeter: Creating summariser <summary>
2019-05-31 09:30:29,397 INFO o.a.j.e.StandardJMeterEngine: Running the test!
2019-05-31 09:30:29,399 INFO o.a.j.s.SampleEvent: List of sample_variables: []
2019-05-31 09:30:29,399 INFO o.a.j.s.SampleEvent: List of sample_variables: []
2019-05-31 09:30:29,403 INFO o.a.j.e.u.CompoundVariable: Note: Function class names must contain the string: '.functions.'
2019-05-31 09:30:29,403 INFO o.a.j.e.u.CompoundVariable: Note: Function class names must not contain the string: '.gui.'
2019-05-31 09:30:30,384 INFO o.a.j.t.TestPlan: added D:\jmeter\apache-jmeter-5.0\lib\ext\mysql-connector-java-5.1.26.jar to classpath
2019-05-31 09:30:30,699 INFO o.a.j.JMeter: 正在运行的测试 (1559266230699)
2019-05-31 09:30:30,701 INFO o.a.j.e.StandardJMeterEngine: Starting setUp thread groups
2019-05-31 09:30:30,701 INFO o.a.j.e.StandardJMeterEngine: Starting setUp ThreadGroup: 1 : setUp线程组 
2019-05-31 09:30:30,701 INFO o.a.j.e.StandardJMeterEngine: Starting 1 threads for group setUp线程组.
2019-05-31 09:30:30,701 INFO o.a.j.e.StandardJMeterEngine: Thread will continue on error
2019-05-31 09:30:30,701 INFO o.a.j.t.ThreadGroup: Starting thread group... number=1 threads=1 ramp-up=1 perThread=1000.0 delayedStart=false
2019-05-31 09:30:30,705 INFO o.a.j.t.ThreadGroup: Started thread group number 1
2019-05-31 09:30:30,705 INFO o.a.j.e.StandardJMeterEngine: Waiting for all setup thread groups to exit
2019-05-31 09:30:30,706 INFO o.a.j.t.JMeterThread: Thread started: setUp线程组 1-1
2019-05-31 09:30:30,709 INFO o.a.j.t.JMeterThread: Thread is done: setUp线程组 1-1
2019-05-31 09:30:30,709 INFO o.a.j.t.JMeterThread: Thread finished: setUp线程组 1-1
2019-05-31 09:30:30,710 INFO o.a.j.e.StandardJMeterEngine: All Setup Threads have ended
2019-05-31 09:30:30,788 INFO o.a.j.e.StandardJMeterEngine: Starting ThreadGroup: 1 : 线程组(登录、退出)
2019-05-31 09:30:30,789 INFO o.a.j.e.StandardJMeterEngine: Starting 1 threads for group 线程组(登录、退出).
2019-05-31 09:30:30,789 INFO o.a.j.e.StandardJMeterEngine: Thread will continue on error
2019-05-31 09:30:30,789 INFO o.a.j.t.ThreadGroup: Starting thread group... number=1 threads=1 ramp-up=1 perThread=1000.0 delayedStart=false
2019-05-31 09:30:30,795 INFO o.a.j.t.ThreadGroup: Started thread group number 1
2019-05-31 09:30:30,795 INFO o.a.j.e.StandardJMeterEngine: All thread groups have been started
2019-05-31 09:30:30,822 INFO o.a.j.t.JMeterThread: Thread started: 线程组(登录、退出) 1-1
2019-05-31 09:30:30,824 INFO o.a.j.s.FileServer: Stored: D:/autoTest/apache-jmeter-5.1/script/loginUser.txt
2019-05-31 09:30:30,970 INFO o.a.j.p.h.s.HTTPHCAbstractImpl: Local host = SHQ-DL012-1
2019-05-31 09:30:30,992 INFO o.a.j.p.h.s.HTTPHC4Impl: HTTP request retry count = 0
2019-05-31 09:30:30,998 INFO o.a.j.s.SampleResult: Note: Sample TimeStamps are START times
2019-05-31 09:30:30,998 INFO o.a.j.s.SampleResult: sampleresult.default.encoding is set to ISO-8859-1
2019-05-31 09:30:30,998 INFO o.a.j.s.SampleResult: sampleresult.useNanoTime=true
2019-05-31 09:30:30,998 INFO o.a.j.s.SampleResult: sampleresult.nanoThreadSleep=5000
2019-05-31 09:30:31,618 INFO o.a.j.p.h.s.h.LazyLayeredConnectionSocketFactory: Setting up HTTPS TrustAll Socket Factory
2019-05-31 09:30:31,673 INFO o.a.j.u.JsseSSLManager: Using default SSL protocol: TLS
2019-05-31 09:30:31,673 INFO o.a.j.u.JsseSSLManager: SSL session context: per-thread
2019-05-31 09:30:32,880 INFO o.a.j.u.SSLManager: JmeterKeyStore Location:  type JKS
2019-05-31 09:30:32,882 INFO o.a.j.u.SSLManager: KeyStore created OK
2019-05-31 09:30:32,882 WARN o.a.j.u.SSLManager: Keystore file not found, loading empty keystore
2019-05-31 09:30:33,749 INFO o.a.j.r.Summariser: summary +      1 in 00:00:03 =    0.3/s Avg:  2396 Min:  2396 Max:  2396 Err:     0 (0.00%) Active: 1 Started: 1 Finished: 0
2019-05-31 09:30:33,779 INFO o.a.j.t.JMeterThread: Thread is done: 线程组(登录、退出) 1-1
2019-05-31 09:30:33,779 INFO o.a.j.t.JMeterThread: Thread finished: 线程组(登录、退出) 1-1
2019-05-31 09:30:33,805 INFO o.a.j.e.StandardJMeterEngine: Notifying test listeners of end of test
2019-05-31 09:30:33,805 INFO o.a.j.s.FileServer: Close: D:/autoTest/apache-jmeter-5.1/script/loginUser.txt
2019-05-31 09:30:33,806 INFO o.a.j.r.Summariser: summary +      1 in 00:00:00 =   17.2/s Avg:    26 Min:    26 Max:    26 Err:     0 (0.00%) Active: 0 Started: 1 Finished: 1
2019-05-31 09:30:33,806 INFO o.a.j.r.Summariser: summary =      2 in 00:00:03 =    0.6/s Avg:  1211 Min:    26 Max:  2396 Err:     0 (0.00%)
