2019-06-03 14:49:31,581 INFO o.a.j.u.JMeterUtils: Setting Locale to en_EN
2019-06-03 14:49:31,604 INFO o.a.j.JMeter: Loading user properties from: user.properties
2019-06-03 14:49:31,621 INFO o.a.j.JMeter: Loading system properties from: system.properties
2019-06-03 14:49:31,632 INFO o.a.j.JMeter: Copyright (c) 1998-2019 The Apache Software Foundation
2019-06-03 14:49:31,632 INFO o.a.j.JMeter: Version 5.1 r1853635
2019-06-03 14:49:31,632 INFO o.a.j.JMeter: java.version=1.8.0_191
2019-06-03 14:49:31,632 INFO o.a.j.JMeter: java.vm.name=Java HotSpot(TM) 64-Bit Server VM
2019-06-03 14:49:31,632 INFO o.a.j.JMeter: os.name=Windows 7
2019-06-03 14:49:31,633 INFO o.a.j.JMeter: os.arch=amd64
2019-06-03 14:49:31,633 INFO o.a.j.JMeter: os.version=6.1
2019-06-03 14:49:31,633 INFO o.a.j.JMeter: file.encoding=GBK
2019-06-03 14:49:31,633 INFO o.a.j.JMeter: java.awt.headless=null
2019-06-03 14:49:31,633 INFO o.a.j.JMeter: Max memory     =1073741824
2019-06-03 14:49:31,633 INFO o.a.j.JMeter: Available Processors =4
2019-06-03 14:49:31,638 INFO o.a.j.JMeter: Default Locale=English (EN)
2019-06-03 14:49:31,639 INFO o.a.j.JMeter: JMeter  Locale=English (EN)
2019-06-03 14:49:31,639 INFO o.a.j.JMeter: JMeterHome=E:\jmeter\jmeter\apache-jmeter-5.1
2019-06-03 14:49:31,639 INFO o.a.j.JMeter: user.dir  =E:\jmeter\jmeter\apache-jmeter-5.1\bin
2019-06-03 14:49:31,639 INFO o.a.j.JMeter: PWD       =E:\jmeter\jmeter\apache-jmeter-5.1\bin
2019-06-03 14:49:31,657 INFO o.a.j.JMeter: IP: 10.108.3.14 Name: SHQ-DL012-1 FullName: SHQ-DL012-1.AladingBank.com
2019-06-03 14:49:32,382 INFO o.a.j.g.a.LookAndFeelCommand: Installing Darcula LAF
2019-06-03 14:49:32,451 INFO o.a.j.g.a.LookAndFeelCommand: Using look and feel: com.bulenkov.darcula.DarculaLaf [Darcula]
2019-06-03 14:49:32,451 INFO o.a.j.JMeter: Setting LAF to: com.bulenkov.darcula.DarculaLaf
2019-06-03 14:49:32,582 INFO o.a.j.JMeter: Loaded icon properties from org/apache/jmeter/images/icon.properties
2019-06-03 14:49:33,543 INFO o.a.j.e.u.CompoundVariable: Note: Function class names must contain the string: '.functions.'
2019-06-03 14:49:33,544 INFO o.a.j.e.u.CompoundVariable: Note: Function class names must not contain the string: '.gui.'
2019-06-03 14:49:35,808 WARN o.j.r.PluginManager: Found JAR conflict: E:\jmeter\jmeter\apache-jmeter-5.1\lib\asm-7.0.jar and E:\jmeter\jmeter\apache-jmeter-5.1\lib\asm-1.0.2.jar
2019-06-03 14:49:36,415 INFO o.j.r.JARSourceHTTP: Requesting https://jmeter-plugins.org/repo/?installID=jenkins-6409443c87b2ebb5eb4001dad40a1230-gui
2019-06-03 14:49:38,901 INFO o.a.j.p.h.s.HTTPSamplerBase: Parser for text/html is org.apache.jmeter.protocol.http.parser.LagartoBasedHtmlParser
2019-06-03 14:49:38,902 INFO o.a.j.p.h.s.HTTPSamplerBase: Parser for application/xhtml+xml is org.apache.jmeter.protocol.http.parser.LagartoBasedHtmlParser
2019-06-03 14:49:38,902 INFO o.a.j.p.h.s.HTTPSamplerBase: Parser for application/xml is org.apache.jmeter.protocol.http.parser.LagartoBasedHtmlParser
2019-06-03 14:49:38,902 INFO o.a.j.p.h.s.HTTPSamplerBase: Parser for text/xml is org.apache.jmeter.protocol.http.parser.LagartoBasedHtmlParser
2019-06-03 14:49:38,902 INFO o.a.j.p.h.s.HTTPSamplerBase: Parser for text/vnd.wap.wml is org.apache.jmeter.protocol.http.parser.RegexpHTMLParser
2019-06-03 14:49:38,903 INFO o.a.j.p.h.s.HTTPSamplerBase: Parser for text/css is org.apache.jmeter.protocol.http.parser.CssParser
2019-06-03 14:49:40,072 INFO o.a.j.e.KeyToolUtils: keytool found at 'keytool'
2019-06-03 14:49:40,073 INFO o.a.j.p.h.p.ProxyControl: HTTP(S) Test Script Recorder SSL Proxy will use keys that support embedded 3rd party resources in file E:\jmeter\jmeter\apache-jmeter-5.1\bin\proxyserver.jks
2019-06-03 14:49:40,211 INFO o.a.j.s.FileServer: Default base='E:\jmeter\jmeter\apache-jmeter-5.1\bin'
2019-06-03 14:49:40,707 INFO o.j.r.PluginManager: Plugins Status: [jpgc-graphs-basic=2.0, jpgc-casutg=2.8, jpgc-json=2.7, jpgc-prmctl=0.4, jpgc-plugins-manager=1.3, jpgc-tst=2.5, jpgc-csvars=0.1, jmeter-core=5.1, jmeter-ftp=5.1, jmeter-http=5.1, jmeter-jdbc=5.1, jmeter-jms=5.1, jmeter-junit=5.1, jmeter-java=5.1, jmeter-ldap=5.1, jmeter-mail=5.1, jmeter-mongodb=5.1, jmeter-native=5.1, jmeter-tcp=5.1, jmeter-components=5.1]
2019-06-03 14:49:42,821 INFO o.a.j.s.SampleResult: Note: Sample TimeStamps are START times
2019-06-03 14:49:42,821 INFO o.a.j.s.SampleResult: sampleresult.default.encoding is set to ISO-8859-1
2019-06-03 14:49:42,821 INFO o.a.j.s.SampleResult: sampleresult.useNanoTime=true
2019-06-03 14:49:42,821 INFO o.a.j.s.SampleResult: sampleresult.nanoThreadSleep=5000
2019-06-03 14:49:48,871 INFO o.a.j.u.JMeterUtils: Setting Locale to zh_CN
2019-06-03 14:50:03,404 INFO o.a.j.g.a.Load: Loading file: E:\jmeter\jmeter\apache-jmeter-5.1\script\TestInterBao.jmx
2019-06-03 14:50:03,404 INFO o.a.j.s.FileServer: Set new base='E:\jmeter\jmeter\apache-jmeter-5.1\script'
2019-06-03 14:50:03,623 INFO o.a.j.s.SaveService: Testplan (JMX) version: 2.2. Testlog (JTL) version: 2.2
2019-06-03 14:50:03,639 INFO o.a.j.s.SaveService: Using SaveService properties file encoding UTF-8
2019-06-03 14:50:03,640 INFO o.a.j.s.SaveService: Using SaveService properties version 5.0
2019-06-03 14:50:03,643 INFO o.a.j.s.SaveService: Loading file: E:\jmeter\jmeter\apache-jmeter-5.1\script\TestInterBao.jmx
2019-06-03 14:50:04,520 INFO o.a.j.s.FileServer: Set new base='E:\jmeter\jmeter\apache-jmeter-5.1\script'
